Nov 17 09:48:51 debian kernel: [    0.000000] NX (Execute Disable) protection: active
Nov 17 09:48:51 debian kernel: [    0.000000] SMBIOS 2.7 present.
Nov 17 09:48:51 debian kernel: [    0.000000] vmware: hypercall mode: 0x01
Nov 17 09:48:51 debian kernel: [    0.000000] Hypervisor detected: VMware
Nov 17 09:48:51 debian kernel: [    0.000000] vmware: TSC freq read from hypervisor : 3700.118 MHz
Nov 17 09:48:51 debian kernel: [    0.000000] vmware: Host bus clock speed read from hypervisor : 66000000 Hz
Nov 17 09:48:51 debian kernel: [    0.000000] vmware: using clock offset of 27932853720 ns
Nov 17 09:48:51 debian kernel: [    0.000019] tsc: Detected 3700.118 MHz processor
Nov 17 09:48:51 debian kernel: [    0.001462] last_pfn = 0x166400 max_arch_pfn = 0x400000000
Nov 17 09:48:51 debian kernel: [    0.001561] last_pfn = 0xc0000 max_arch_pfn = 0x400000000
Nov 17 09:48:51 debian kernel: [    0.003740] found SMP MP-table at [mem 0x000f6a70-0x000f6a7f]
Nov 17 09:48:51 debian kernel: [    0.052460] ACPI: SRAT: Node 0 PXM 0 [mem 0x00000000-0x0009ffff]
Nov 17 09:48:51 debian kernel: [    0.052461] ACPI: SRAT: Node 0 PXM 0 [mem 0x00100000-0xbfffffff]
Nov 17 09:48:51 debian kernel: [    0.052461] ACPI: SRAT: Node 0 PXM 0 [mem 0x100000000-0x1663fffff]
Nov 17 09:48:51 debian kernel: [    0.052463] NUMA: Node 0 [mem 0x00000000-0x0009ffff] + [mem 0x00100000-0xbfffffff] -> [mem 0x00000000-0xbfffffff]
Nov 17 09:48:51 debian kernel: [    0.052463] NUMA: Node 0 [mem 0x00000000-0xbfffffff] + [mem 0x100000000-0x1663fffff] -> [mem 0x00000000-0x1663fffff]
Nov 17 09:48:51 debian kernel: [    0.052470] NODE_DATA(0) allocated [mem 0x1663d4000-0x1663fdfff]
Nov 17 09:48:51 debian kernel: [    0.053588] Zone ranges:
Nov 17 09:48:51 debian kernel: [    0.053590]   DMA      [mem 0x0000000000001000-0x0000000000ffffff]
Nov 17 09:48:51 debian kernel: [    0.053591]   DMA32    [mem 0x0000000001000000-0x00000000ffffffff]
Nov 17 09:48:51 debian kernel: [    0.053592]   Normal   [mem 0x0000000100000000-0x00000001663fffff]
Nov 17 09:48:51 debian kernel: [    0.053592]   Device   empty
Nov 17 09:48:51 debian kernel: [    0.708082] ... version:                0
Nov 17 09:48:51 debian kernel: [    0.708083] ... bit width:              48
Nov 17 09:48:51 debian kernel: [    0.708083] ... generic registers:      4
Nov 17 09:48:51 debian kernel: [    0.708083] ... value mask:             0000ffffffffffff
Nov 17 09:48:51 debian kernel: [    0.708084] ... max period:             00007fffffffffff