shutdown system down  5.10.0-15-amd64  Wed Nov 16 17:59 - 09:48  (15:49)
shutdown system down  5.10.0-15-amd64  Tue Nov 15 15:08 - 17:52  (02:44)
shutdown system down  5.10.0-15-amd64  Tue Nov 15 14:41 - 14:58  (00:16)
shutdown system down  5.10.0-15-amd64  Tue Nov 15 10:26 - 13:39  (03:12)
shutdown system down  5.10.0-15-amd64  Thu Nov 10 14:04 - 10:17 (4+20:13)
shutdown system down  5.10.0-15-amd64  Wed Nov  9 16:09 - 13:09  (20:59)
shutdown system down  5.10.0-15-amd64  Mon Nov  7 22:34 - 13:47 (1+15:13)
shutdown system down  5.10.0-15-amd64  Sun Nov  6 09:52 - 09:48  (23:56)
shutdown system down  5.10.0-15-amd64  Fri Nov  4 19:51 - 09:18 (1+14:26)
shutdown system down  5.10.0-15-amd64  Wed Nov  2 19:06 - 10:32  (15:25)
shutdown system down  5.10.0-15-amd64  Wed Nov  2 19:03 - 19:03  (00:00)
shutdown system down  5.10.0-15-amd64  Tue Nov  1 20:49 - 10:34  (13:45)
shutdown system down  5.10.0-15-amd64  Sun Oct 30 16:08 - 14:10 (1+22:01)
shutdown system down  5.10.0-15-amd64  Sat Oct 29 15:50 - 15:52 (1+00:02)
shutdown system down  5.10.0-15-amd64  Fri Oct 28 19:36 - 10:03  (14:26)
shutdown system down  5.10.0-15-amd64  Thu Oct 27 14:11 - 08:37  (18:25)
shutdown system down  5.10.0-15-amd64  Wed Oct 26 23:43 - 09:42  (09:58)
shutdown system down  5.10.0-15-amd64  Tue Oct 25 18:21 - 13:44  (19:22)
shutdown system down  5.10.0-15-amd64  Mon Oct 24 11:26 - 16:13 (1+04:46)
shutdown system down  5.10.0-15-amd64  Fri Oct 21 13:11 - 10:33 (2+21:22)
shutdown system down  5.10.0-15-amd64  Wed Oct 19 15:00 - 10:02 (1+19:02)
shutdown system down  5.10.0-15-amd64  Tue Oct 18 16:24 - 10:27  (18:03)
shutdown system down  5.10.0-15-amd64  Mon Oct 17 16:30 - 15:44  (23:14)
shutdown system down  5.10.0-15-amd64  Mon Oct 17 13:31 - 15:14  (01:42)
shutdown system down  5.10.0-15-amd64  Mon Oct 10 12:21 - 09:06 (6+20:45)
shutdown system down  5.10.0-15-amd64  Sat Oct  8 19:47 - 12:06 (1+16:19)
shutdown system down  5.10.0-15-amd64  Sat Oct  8 17:50 - 19:09  (01:18)
shutdown system down  5.10.0-15-amd64  Thu Oct  6 15:33 - 14:59 (1+23:25)
shutdown system down  5.10.0-15-amd64  Wed Oct  5 18:45 - 13:29  (18:43)
shutdown system down  5.10.0-15-amd64  Tue Oct  4 16:39 - 10:29  (17:50)
shutdown system down  5.10.0-15-amd64  Fri Sep 30 18:02 - 13:28 (3+19:26)
shutdown system down  5.10.0-15-amd64  Fri Sep 30 12:08 - 17:08  (04:59)
shutdown system down  5.10.0-15-amd64  Thu Sep 22 17:08 - 11:05 (7+17:57)
shutdown system down  5.10.0-15-amd64  Wed Sep 21 15:42 - 16:49 (1+01:06)
shutdown system down  5.10.0-15-amd64  Mon Sep 19 11:58 - 10:25 (1+22:27)
shutdown system down  5.10.0-15-amd64  Fri Sep 16 16:32 - 11:42 (2+19:09)
shutdown system down  5.10.0-15-amd64  Fri Sep 16 15:22 - 16:20  (00:57)
shutdown system down  5.10.0-15-amd64  Fri Sep 16 11:53 - 14:43  (02:49)
shutdown system down  5.10.0-15-amd64  Thu Sep 15 18:09 - 10:52  (16:42)
shutdown system down  5.10.0-15-amd64  Thu Sep 15 12:12 - 15:56  (03:44)
shutdown system down  5.10.0-15-amd64  Sat Sep  3 16:43 - 10:57 (11+18:14)
shutdown system down  5.10.0-15-amd64  Sat Sep  3 15:41 - 16:12  (00:30)
shutdown system down  5.10.0-15-amd64  Fri Sep  2 18:52 - 15:39  (20:47)
shutdown system down  5.10.0-15-amd64  Thu Sep  1 17:40 - 15:41  (22:00)
shutdown system down  5.10.0-15-amd64  Sat Aug 27 17:59 - 10:13 (4+16:13)
shutdown system down  5.10.0-15-amd64  Fri Aug 26 14:26 - 12:36  (22:10)
shutdown system down  5.10.0-15-amd64  Thu Aug 25 12:08 - 13:01 (1+00:53)
shutdown system down  5.10.0-15-amd64  Mon Aug 22 11:38 - 10:28 (2+22:49)
shutdown system down  5.10.0-15-amd64  Fri Aug 19 11:57 - 10:20 (2+22:22)
shutdown system down  5.10.0-15-amd64  Wed Aug 10 11:15 - 10:06 (8+22:51)
shutdown system down  5.10.0-15-amd64  Sun Aug  7 18:36 - 10:25 (2+15:49)
shutdown system down  5.10.0-15-amd64  Wed Jul 27 13:59 - 18:08 (11+04:08)
shutdown system down  5.10.0-15-amd64  Tue Jul 26 21:51 - 10:20  (12:28)
shutdown system down  5.10.0-15-amd64  Tue Jul 26 12:07 - 13:52  (01:45)
shutdown system down  5.10.0-15-amd64  Mon Jul 25 15:09 - 10:51  (19:42)
shutdown system down  5.10.0-15-amd64  Fri Jul 22 12:26 - 14:28 (3+02:01)
shutdown system down  5.10.0-15-amd64  Thu Jul 21 17:50 - 11:09  (17:18)
shutdown system down  5.10.0-15-amd64  Thu Jul 21 12:33 - 15:53  (03:20)
shutdown system down  5.10.0-15-amd64  Tue Jul 19 11:14 - 10:04 (1+22:50)
shutdown system down  5.10.0-15-amd64  Mon Jul 18 16:52 - 10:48  (17:56)
shutdown system down  5.10.0-15-amd64  Mon Jul 18 11:33 - 15:58  (04:25)
shutdown system down  5.10.0-15-amd64  Sat Jul 16 13:18 - 10:09 (1+20:51)
shutdown system down  5.10.0-15-amd64  Fri Jul 15 12:03 - 11:20  (23:16)
shutdown system down  5.10.0-15-amd64  Tue Jul 12 16:37 - 10:04 (2+17:27)
shutdown system down  5.10.0-15-amd64  Tue Jul 12 15:38 - 16:33  (00:54)
shutdown system down  5.10.0-15-amd64  Tue Jul 12 12:45 - 14:47  (02:01)
shutdown system down  5.10.0-15-amd64  Mon Jul 11 12:02 - 10:19  (22:17)
shutdown system down  5.10.0-15-amd64  Fri Jul  8 16:00 - 10:24 (2+18:24)
shutdown system down  5.10.0-15-amd64  Thu Jul  7 16:45 - 14:40  (21:54)
shutdown system down  5.10.0-15-amd64  Thu Jul  7 10:40 - 13:31  (02:50)
shutdown system down  5.10.0-15-amd64  Tue Jun 28 16:28 - 10:07 (8+17:39)
shutdown system down  5.10.0-15-amd64  Tue Jun 28 12:32 - 12:33  (00:01)

wtmp begins Tue Jun 28 12:25:58 2022
